2020-10-16 15:43:20 [scrapy.utils.log] INFO: Scrapy 2.3.0 started (bot: cnblogSpider)
2020-10-16 15:43:20 [scrapy.utils.log] INFO: Versions: lxml 4.5.2.0, libxml2 2.9.5, cssselect 1.1.0, parsel 1.6.0, w3lib 1.22.0, Twisted 20.3.0, Python 3.7.6 (tags/v3.7.6:43364a7ae0, Dec 19 2019, 00:42:30) [MSC v.1916 64 bit (AMD64)], pyOpenSSL 19.1.0 (OpenSSL 1.1.1h  22 Sep 2020), cryptography 3.1.1, Platform Windows-10-10.0.17763-SP0
2020-10-16 15:43:20 [scrapy.utils.log] DEBUG: Using reactor: twisted.internet.selectreactor.SelectReactor
2020-10-16 15:43:21 [scrapy.crawler] INFO: Overridden settings:
{'BOT_NAME': 'cnblogSpider',
 'LOG_FILE': 'all.log',
 'NEWSPIDER_MODULE': 'cnblogSpider.spiders',
 'ROBOTSTXT_OBEY': True,
 'SPIDER_LOADER_WARN_ONLY': True,
 'SPIDER_MODULES': ['cnblogSpider.spiders']}
2020-10-16 15:43:21 [scrapy.extensions.telnet] INFO: Telnet Password: 34f8af8f93048bca
2020-10-16 15:43:21 [scrapy.middleware] INFO: Enabled extensions:
['scrapy.extensions.corestats.CoreStats',
 'scrapy.extensions.telnet.TelnetConsole',
 'scrapy.extensions.logstats.LogStats']
2020-10-16 15:43:21 [scrapy.middleware] INFO: Enabled downloader middlewares:
['scrapy.downloadermiddlewares.robotstxt.RobotsTxtMiddleware',
 'scrapy.downloadermiddlewares.httpauth.HttpAuthMiddleware',
 'scrapy.downloadermiddlewares.downloadtimeout.DownloadTimeoutMiddleware',
 'scrapy.downloadermiddlewares.defaultheaders.DefaultHeadersMiddleware',
 'scrapy.downloadermiddlewares.useragent.UserAgentMiddleware',
 'scrapy.downloadermiddlewares.retry.RetryMiddleware',
 'scrapy.downloadermiddlewares.redirect.MetaRefreshMiddleware',
 'scrapy.downloadermiddlewares.httpcompression.HttpCompressionMiddleware',
 'scrapy.downloadermiddlewares.redirect.RedirectMiddleware',
 'scrapy.downloadermiddlewares.cookies.CookiesMiddleware',
 'scrapy.downloadermiddlewares.httpproxy.HttpProxyMiddleware',
 'scrapy.downloadermiddlewares.stats.DownloaderStats']
2020-10-16 15:43:21 [scrapy.middleware] INFO: Enabled spider middlewares:
['scrapy.spidermiddlewares.httperror.HttpErrorMiddleware',
 'scrapy.spidermiddlewares.offsite.OffsiteMiddleware',
 'scrapy.spidermiddlewares.referer.RefererMiddleware',
 'scrapy.spidermiddlewares.urllength.UrlLengthMiddleware',
 'scrapy.spidermiddlewares.depth.DepthMiddleware']
2020-10-16 15:43:21 [scrapy.middleware] INFO: Enabled item pipelines:
[]
2020-10-16 15:43:21 [scrapy.core.engine] INFO: Spider opened
2020-10-16 15:43:21 [scrapy.extensions.logstats] INFO: Crawled 0 pages (at 0 pages/min), scraped 0 items (at 0 items/min)
2020-10-16 15:43:21 [scrapy.extensions.telnet] INFO: Telnet console listening on 127.0.0.1:6023
2020-10-16 15:43:21 [scrapy.core.engine] DEBUG: Crawled (200) <GET https://www.cnblogs.com/robots.txt> (referer: None)
2020-10-16 15:43:21 [scrapy.core.engine] DEBUG: Crawled (200) <GET https://www.cnblogs.com/holmze/p/13797920.html> (referer: None)
2020-10-16 15:43:22 [scrapy.dupefilters] DEBUG: Filtered duplicate request: <GET https://www.cnblogs.com/holmze/p/13797920.html#top> - no more duplicates will be shown (see DUPEFILTER_DEBUG to show all duplicates)
2020-10-16 15:43:22 [scrapy.core.engine] DEBUG: Crawled (200) <GET https://www.cnblogs.com/holmze/> (referer: https://www.cnblogs.com/holmze/p/13797920.html)
2020-10-16 15:43:22 [scrapy.core.scraper] ERROR: Spider error processing <GET https://www.cnblogs.com/holmze/> (referer: https://www.cnblogs.com/holmze/p/13797920.html)
Traceback (most recent call last):
  File "c:\users\user\appdata\local\programs\python\python37\lib\site-packages\scrapy\utils\defer.py", line 120, in iter_errback
    yield next(it)
  File "c:\users\user\appdata\local\programs\python\python37\lib\site-packages\scrapy\utils\python.py", line 347, in __next__
    return next(self.data)
  File "c:\users\user\appdata\local\programs\python\python37\lib\site-packages\scrapy\utils\python.py", line 347, in __next__
    return next(self.data)
  File "c:\users\user\appdata\local\programs\python\python37\lib\site-packages\scrapy\core\spidermw.py", line 64, in _evaluate_iterable
    for r in iterable:
  File "c:\users\user\appdata\local\programs\python\python37\lib\site-packages\scrapy\spidermiddlewares\offsite.py", line 29, in process_spider_output
    for x in result:
  File "c:\users\user\appdata\local\programs\python\python37\lib\site-packages\scrapy\core\spidermw.py", line 64, in _evaluate_iterable
    for r in iterable:
  File "c:\users\user\appdata\local\programs\python\python37\lib\site-packages\scrapy\spidermiddlewares\referer.py", line 340, in <genexpr>
    return (_set_referer(r) for r in result or ())
  File "c:\users\user\appdata\local\programs\python\python37\lib\site-packages\scrapy\core\spidermw.py", line 64, in _evaluate_iterable
    for r in iterable:
  File "c:\users\user\appdata\local\programs\python\python37\lib\site-packages\scrapy\spidermiddlewares\urllength.py", line 37, in <genexpr>
    return (r for r in result or () if _filter(r))
  File "c:\users\user\appdata\local\programs\python\python37\lib\site-packages\scrapy\core\spidermw.py", line 64, in _evaluate_iterable
    for r in iterable:
  File "c:\users\user\appdata\local\programs\python\python37\lib\site-packages\scrapy\spidermiddlewares\depth.py", line 58, in <genexpr>
    return (r for r in result or () if _filter(r))
  File "c:\users\user\appdata\local\programs\python\python37\lib\site-packages\scrapy\core\spidermw.py", line 64, in _evaluate_iterable
    for r in iterable:
  File "c:\users\user\appdata\local\programs\python\python37\lib\site-packages\scrapy\spiders\crawl.py", line 125, in _parse_response
    cb_res = callback(response, **cb_kwargs) or ()
  File "C:\Users\user\Documents\Course\爬虫\Web-Crawler\WebScrapingWithPy\ch5\cnblogSpider\cnblogSpider\articleItems.py", line 19, in parse_items
    article['lastUpdated'] = response.css('span#post-date::text').extract_first()
  File "c:\users\user\appdata\local\programs\python\python37\lib\site-packages\scrapy\item.py", line 99, in __setitem__
    raise KeyError("%s does not support field: %s" % (self.__class__.__name__, key))
KeyError: 'Article does not support field: lastUpdated'
2020-10-16 15:43:22 [scrapy.core.engine] DEBUG: Crawled (404) <GET https://www.cnblogs.com/holmze/p/ruanyifeng.com/blog/2015/12/a-mocha-tutorial-of-examples.html> (referer: https://www.cnblogs.com/holmze/p/13797920.html)
2020-10-16 15:43:22 [scrapy.downloadermiddlewares.redirect] DEBUG: Redirecting (302) to <GET http://feed.cnblogs.com/blog/u/490223/rss/> from <GET https://www.cnblogs.com/holmze/rss/>
2020-10-16 15:43:22 [scrapy.core.engine] DEBUG: Crawled (200) <GET https://www.cnblogs.com/holmze/p/13797920.html> (referer: https://www.cnblogs.com/holmze/p/13797920.html)
2020-10-16 15:43:22 [scrapy.core.engine] DEBUG: Crawled (404) <GET http://feed.cnblogs.com/robots.txt> (referer: None)
2020-10-16 15:43:22 [protego] DEBUG: Rule at line 7 without any user agent to enforce it on.
2020-10-16 15:43:22 [protego] DEBUG: Rule at line 11 without any user agent to enforce it on.
2020-10-16 15:43:22 [protego] DEBUG: Rule at line 14 without any user agent to enforce it on.
2020-10-16 15:43:22 [scrapy.core.scraper] ERROR: Spider error processing <GET https://www.cnblogs.com/holmze/p/13797920.html> (referer: https://www.cnblogs.com/holmze/p/13797920.html)
Traceback (most recent call last):
  File "c:\users\user\appdata\local\programs\python\python37\lib\site-packages\scrapy\utils\defer.py", line 120, in iter_errback
    yield next(it)
  File "c:\users\user\appdata\local\programs\python\python37\lib\site-packages\scrapy\utils\python.py", line 347, in __next__
    return next(self.data)
  File "c:\users\user\appdata\local\programs\python\python37\lib\site-packages\scrapy\utils\python.py", line 347, in __next__
    return next(self.data)
  File "c:\users\user\appdata\local\programs\python\python37\lib\site-packages\scrapy\core\spidermw.py", line 64, in _evaluate_iterable
    for r in iterable:
  File "c:\users\user\appdata\local\programs\python\python37\lib\site-packages\scrapy\spidermiddlewares\offsite.py", line 29, in process_spider_output
    for x in result:
  File "c:\users\user\appdata\local\programs\python\python37\lib\site-packages\scrapy\core\spidermw.py", line 64, in _evaluate_iterable
    for r in iterable:
  File "c:\users\user\appdata\local\programs\python\python37\lib\site-packages\scrapy\spidermiddlewares\referer.py", line 340, in <genexpr>
    return (_set_referer(r) for r in result or ())
  File "c:\users\user\appdata\local\programs\python\python37\lib\site-packages\scrapy\core\spidermw.py", line 64, in _evaluate_iterable
    for r in iterable:
  File "c:\users\user\appdata\local\programs\python\python37\lib\site-packages\scrapy\spidermiddlewares\urllength.py", line 37, in <genexpr>
    return (r for r in result or () if _filter(r))
  File "c:\users\user\appdata\local\programs\python\python37\lib\site-packages\scrapy\core\spidermw.py", line 64, in _evaluate_iterable
    for r in iterable:
  File "c:\users\user\appdata\local\programs\python\python37\lib\site-packages\scrapy\spidermiddlewares\depth.py", line 58, in <genexpr>
    return (r for r in result or () if _filter(r))
  File "c:\users\user\appdata\local\programs\python\python37\lib\site-packages\scrapy\core\spidermw.py", line 64, in _evaluate_iterable
    for r in iterable:
  File "c:\users\user\appdata\local\programs\python\python37\lib\site-packages\scrapy\spiders\crawl.py", line 125, in _parse_response
    cb_res = callback(response, **cb_kwargs) or ()
  File "C:\Users\user\Documents\Course\爬虫\Web-Crawler\WebScrapingWithPy\ch5\cnblogSpider\cnblogSpider\articleItems.py", line 19, in parse_items
    article['lastUpdated'] = response.css('span#post-date::text').extract_first()
  File "c:\users\user\appdata\local\programs\python\python37\lib\site-packages\scrapy\item.py", line 99, in __setitem__
    raise KeyError("%s does not support field: %s" % (self.__class__.__name__, key))
KeyError: 'Article does not support field: lastUpdated'
2020-10-16 15:43:23 [scrapy.core.engine] DEBUG: Crawled (200) <GET http://feed.cnblogs.com/blog/u/490223/rss/> (referer: None)
2020-10-16 15:43:23 [scrapy.core.scraper] ERROR: Spider error processing <GET http://feed.cnblogs.com/blog/u/490223/rss/> (referer: None)
Traceback (most recent call last):
  File "c:\users\user\appdata\local\programs\python\python37\lib\site-packages\scrapy\utils\defer.py", line 120, in iter_errback
    yield next(it)
  File "c:\users\user\appdata\local\programs\python\python37\lib\site-packages\scrapy\utils\python.py", line 347, in __next__
    return next(self.data)
  File "c:\users\user\appdata\local\programs\python\python37\lib\site-packages\scrapy\utils\python.py", line 347, in __next__
    return next(self.data)
  File "c:\users\user\appdata\local\programs\python\python37\lib\site-packages\scrapy\core\spidermw.py", line 64, in _evaluate_iterable
    for r in iterable:
  File "c:\users\user\appdata\local\programs\python\python37\lib\site-packages\scrapy\spidermiddlewares\offsite.py", line 29, in process_spider_output
    for x in result:
  File "c:\users\user\appdata\local\programs\python\python37\lib\site-packages\scrapy\core\spidermw.py", line 64, in _evaluate_iterable
    for r in iterable:
  File "c:\users\user\appdata\local\programs\python\python37\lib\site-packages\scrapy\spidermiddlewares\referer.py", line 340, in <genexpr>
    return (_set_referer(r) for r in result or ())
  File "c:\users\user\appdata\local\programs\python\python37\lib\site-packages\scrapy\core\spidermw.py", line 64, in _evaluate_iterable
    for r in iterable:
  File "c:\users\user\appdata\local\programs\python\python37\lib\site-packages\scrapy\spidermiddlewares\urllength.py", line 37, in <genexpr>
    return (r for r in result or () if _filter(r))
  File "c:\users\user\appdata\local\programs\python\python37\lib\site-packages\scrapy\core\spidermw.py", line 64, in _evaluate_iterable
    for r in iterable:
  File "c:\users\user\appdata\local\programs\python\python37\lib\site-packages\scrapy\spidermiddlewares\depth.py", line 58, in <genexpr>
    return (r for r in result or () if _filter(r))
  File "c:\users\user\appdata\local\programs\python\python37\lib\site-packages\scrapy\core\spidermw.py", line 64, in _evaluate_iterable
    for r in iterable:
  File "c:\users\user\appdata\local\programs\python\python37\lib\site-packages\scrapy\spiders\crawl.py", line 125, in _parse_response
    cb_res = callback(response, **cb_kwargs) or ()
  File "C:\Users\user\Documents\Course\爬虫\Web-Crawler\WebScrapingWithPy\ch5\cnblogSpider\cnblogSpider\articleItems.py", line 19, in parse_items
    article['lastUpdated'] = response.css('span#post-date::text').extract_first()
  File "c:\users\user\appdata\local\programs\python\python37\lib\site-packages\scrapy\item.py", line 99, in __setitem__
    raise KeyError("%s does not support field: %s" % (self.__class__.__name__, key))
KeyError: 'Article does not support field: lastUpdated'
2020-10-16 15:43:23 [scrapy.core.engine] INFO: Closing spider (finished)
2020-10-16 15:43:23 [scrapy.statscollectors] INFO: Dumping Scrapy stats:
{'downloader/request_bytes': 2120,
 'downloader/request_count': 8,
 'downloader/request_method_count/GET': 8,
 'downloader/response_bytes': 43364,
 'downloader/response_count': 8,
 'downloader/response_status_count/200': 5,
 'downloader/response_status_count/302': 1,
 'downloader/response_status_count/404': 2,
 'dupefilter/filtered': 1,
 'elapsed_time_seconds': 2.398556,
 'finish_reason': 'finished',
 'finish_time': datetime.datetime(2020, 10, 16, 7, 43, 23, 827605),
 'log_count/DEBUG': 12,
 'log_count/ERROR': 3,
 'log_count/INFO': 10,
 'request_depth_max': 1,
 'response_received_count': 7,
 'robotstxt/request_count': 2,
 'robotstxt/response_count': 2,
 'robotstxt/response_status_count/200': 1,
 'robotstxt/response_status_count/404': 1,
 'scheduler/dequeued': 6,
 'scheduler/dequeued/memory': 6,
 'scheduler/enqueued': 6,
 'scheduler/enqueued/memory': 6,
 'spider_exceptions/KeyError': 3,
 'start_time': datetime.datetime(2020, 10, 16, 7, 43, 21, 429049)}
2020-10-16 15:43:23 [scrapy.core.engine] INFO: Spider closed (finished)
