2020-10-14 10:49:42 [scrapy.utils.log] INFO: Scrapy 2.3.0 started (bot: weather)
2020-10-14 10:49:42 [scrapy.utils.log] INFO: Versions: lxml 4.5.2.0, libxml2 2.9.5, cssselect 1.1.0, parsel 1.6.0, w3lib 1.22.0, Twisted 20.3.0, Python 3.7.6 (tags/v3.7.6:43364a7ae0, Dec 19 2019, 00:42:30) [MSC v.1916 64 bit (AMD64)], pyOpenSSL 19.1.0 (OpenSSL 1.1.1h  22 Sep 2020), cryptography 3.1.1, Platform Windows-10-10.0.17763-SP0
2020-10-14 10:49:42 [scrapy.utils.log] DEBUG: Using reactor: twisted.internet.selectreactor.SelectReactor
2020-10-14 10:49:42 [scrapy.crawler] INFO: Overridden settings:
{'BOT_NAME': 'weather',
 'LOG_FILE': 'all.log',
 'NEWSPIDER_MODULE': 'weather.spiders',
 'ROBOTSTXT_OBEY': True,
 'SPIDER_LOADER_WARN_ONLY': True,
 'SPIDER_MODULES': ['weather.spiders']}
2020-10-14 10:49:42 [scrapy.extensions.telnet] INFO: Telnet Password: 345b5ac7fcd1d24d
2020-10-14 10:49:42 [scrapy.middleware] INFO: Enabled extensions:
['scrapy.extensions.corestats.CoreStats',
 'scrapy.extensions.telnet.TelnetConsole',
 'scrapy.extensions.logstats.LogStats']
2020-10-14 10:49:42 [scrapy.middleware] INFO: Enabled downloader middlewares:
['scrapy.downloadermiddlewares.robotstxt.RobotsTxtMiddleware',
 'scrapy.downloadermiddlewares.httpauth.HttpAuthMiddleware',
 'scrapy.downloadermiddlewares.downloadtimeout.DownloadTimeoutMiddleware',
 'scrapy.downloadermiddlewares.defaultheaders.DefaultHeadersMiddleware',
 'scrapy.downloadermiddlewares.useragent.UserAgentMiddleware',
 'scrapy.downloadermiddlewares.retry.RetryMiddleware',
 'scrapy.downloadermiddlewares.redirect.MetaRefreshMiddleware',
 'scrapy.downloadermiddlewares.httpcompression.HttpCompressionMiddleware',
 'scrapy.downloadermiddlewares.redirect.RedirectMiddleware',
 'scrapy.downloadermiddlewares.cookies.CookiesMiddleware',
 'scrapy.downloadermiddlewares.httpproxy.HttpProxyMiddleware',
 'scrapy.downloadermiddlewares.stats.DownloaderStats']
2020-10-14 10:49:42 [scrapy.middleware] INFO: Enabled spider middlewares:
['scrapy.spidermiddlewares.httperror.HttpErrorMiddleware',
 'scrapy.spidermiddlewares.offsite.OffsiteMiddleware',
 'scrapy.spidermiddlewares.referer.RefererMiddleware',
 'scrapy.spidermiddlewares.urllength.UrlLengthMiddleware',
 'scrapy.spidermiddlewares.depth.DepthMiddleware']
2020-10-14 10:49:42 [scrapy.middleware] INFO: Enabled item pipelines:
[]
2020-10-14 10:49:42 [scrapy.core.engine] INFO: Spider opened
2020-10-14 10:49:42 [scrapy.extensions.logstats] INFO: Crawled 0 pages (at 0 pages/min), scraped 0 items (at 0 items/min)
2020-10-14 10:49:42 [scrapy.extensions.telnet] INFO: Telnet console listening on 127.0.0.1:6023
2020-10-14 10:49:43 [scrapy.core.engine] DEBUG: Crawled (200) <GET http://www.weather.com.cn/robots.txt> (referer: None)
2020-10-14 10:49:43 [scrapy.core.engine] DEBUG: Crawled (200) <GET http://www.weather.com.cn/> (referer: None)
2020-10-14 10:49:59 [scrapy.core.engine] INFO: Closing spider (finished)
2020-10-14 10:49:59 [scrapy.statscollectors] INFO: Dumping Scrapy stats:
{'downloader/request_bytes': 464,
 'downloader/request_count': 2,
 'downloader/request_method_count/GET': 2,
 'downloader/response_bytes': 24338,
 'downloader/response_count': 2,
 'downloader/response_status_count/200': 2,
 'elapsed_time_seconds': 16.573942,
 'finish_reason': 'finished',
 'finish_time': datetime.datetime(2020, 10, 14, 2, 49, 59, 549123),
 'log_count/DEBUG': 2,
 'log_count/INFO': 10,
 'response_received_count': 2,
 'robotstxt/request_count': 1,
 'robotstxt/response_count': 1,
 'robotstxt/response_status_count/200': 1,
 'scheduler/dequeued': 1,
 'scheduler/dequeued/memory': 1,
 'scheduler/enqueued': 1,
 'scheduler/enqueued/memory': 1,
 'start_time': datetime.datetime(2020, 10, 14, 2, 49, 42, 975181)}
2020-10-14 10:49:59 [scrapy.core.engine] INFO: Spider closed (finished)
2020-10-14 10:54:49 [scrapy.utils.log] INFO: Scrapy 2.3.0 started (bot: weather)
2020-10-14 10:54:49 [scrapy.utils.log] INFO: Versions: lxml 4.5.2.0, libxml2 2.9.5, cssselect 1.1.0, parsel 1.6.0, w3lib 1.22.0, Twisted 20.3.0, Python 3.7.6 (tags/v3.7.6:43364a7ae0, Dec 19 2019, 00:42:30) [MSC v.1916 64 bit (AMD64)], pyOpenSSL 19.1.0 (OpenSSL 1.1.1h  22 Sep 2020), cryptography 3.1.1, Platform Windows-10-10.0.17763-SP0
2020-10-14 10:54:49 [scrapy.utils.log] DEBUG: Using reactor: twisted.internet.selectreactor.SelectReactor
2020-10-14 10:54:49 [scrapy.crawler] INFO: Overridden settings:
{'BOT_NAME': 'weather',
 'LOG_FILE': 'all.log',
 'NEWSPIDER_MODULE': 'weather.spiders',
 'ROBOTSTXT_OBEY': True,
 'SPIDER_LOADER_WARN_ONLY': True,
 'SPIDER_MODULES': ['weather.spiders']}
2020-10-14 10:54:50 [scrapy.extensions.telnet] INFO: Telnet Password: 573a7522a26b719a
2020-10-14 10:54:50 [scrapy.middleware] INFO: Enabled extensions:
['scrapy.extensions.corestats.CoreStats',
 'scrapy.extensions.telnet.TelnetConsole',
 'scrapy.extensions.logstats.LogStats']
2020-10-14 10:54:50 [scrapy.middleware] INFO: Enabled downloader middlewares:
['scrapy.downloadermiddlewares.robotstxt.RobotsTxtMiddleware',
 'scrapy.downloadermiddlewares.httpauth.HttpAuthMiddleware',
 'scrapy.downloadermiddlewares.downloadtimeout.DownloadTimeoutMiddleware',
 'scrapy.downloadermiddlewares.defaultheaders.DefaultHeadersMiddleware',
 'scrapy.downloadermiddlewares.useragent.UserAgentMiddleware',
 'scrapy.downloadermiddlewares.retry.RetryMiddleware',
 'scrapy.downloadermiddlewares.redirect.MetaRefreshMiddleware',
 'scrapy.downloadermiddlewares.httpcompression.HttpCompressionMiddleware',
 'scrapy.downloadermiddlewares.redirect.RedirectMiddleware',
 'scrapy.downloadermiddlewares.cookies.CookiesMiddleware',
 'scrapy.downloadermiddlewares.httpproxy.HttpProxyMiddleware',
 'scrapy.downloadermiddlewares.stats.DownloaderStats']
2020-10-14 10:54:50 [scrapy.middleware] INFO: Enabled spider middlewares:
['scrapy.spidermiddlewares.httperror.HttpErrorMiddleware',
 'scrapy.spidermiddlewares.offsite.OffsiteMiddleware',
 'scrapy.spidermiddlewares.referer.RefererMiddleware',
 'scrapy.spidermiddlewares.urllength.UrlLengthMiddleware',
 'scrapy.spidermiddlewares.depth.DepthMiddleware']
2020-10-14 10:54:50 [scrapy.middleware] INFO: Enabled item pipelines:
[]
2020-10-14 10:54:50 [scrapy.core.engine] INFO: Spider opened
2020-10-14 10:54:50 [scrapy.extensions.logstats] INFO: Crawled 0 pages (at 0 pages/min), scraped 0 items (at 0 items/min)
2020-10-14 10:54:50 [scrapy.extensions.telnet] INFO: Telnet console listening on 127.0.0.1:6023
2020-10-14 10:54:51 [scrapy.core.engine] DEBUG: Crawled (200) <GET http://www.weather.com.cn/robots.txt> (referer: None)
2020-10-14 10:54:52 [scrapy.core.engine] DEBUG: Crawled (200) <GET http://www.weather.com.cn/> (referer: None)
2020-10-14 10:54:54 [scrapy.core.engine] INFO: Closing spider (finished)
2020-10-14 10:54:54 [scrapy.statscollectors] INFO: Dumping Scrapy stats:
{'downloader/request_bytes': 464,
 'downloader/request_count': 2,
 'downloader/request_method_count/GET': 2,
 'downloader/response_bytes': 24332,
 'downloader/response_count': 2,
 'downloader/response_status_count/200': 2,
 'elapsed_time_seconds': 3.69009,
 'finish_reason': 'finished',
 'finish_time': datetime.datetime(2020, 10, 14, 2, 54, 54, 427440),
 'log_count/DEBUG': 2,
 'log_count/INFO': 10,
 'response_received_count': 2,
 'robotstxt/request_count': 1,
 'robotstxt/response_count': 1,
 'robotstxt/response_status_count/200': 1,
 'scheduler/dequeued': 1,
 'scheduler/dequeued/memory': 1,
 'scheduler/enqueued': 1,
 'scheduler/enqueued/memory': 1,
 'start_time': datetime.datetime(2020, 10, 14, 2, 54, 50, 737350)}
2020-10-14 10:54:54 [scrapy.core.engine] INFO: Spider closed (finished)
