2020-10-14 10:21:31 [scrapy.utils.log] INFO: Scrapy 2.3.0 started (bot: stocks)
2020-10-14 10:21:31 [scrapy.utils.log] INFO: Versions: lxml 4.5.2.0, libxml2 2.9.5, cssselect 1.1.0, parsel 1.6.0, w3lib 1.22.0, Twisted 20.3.0, Python 3.7.6 (tags/v3.7.6:43364a7ae0, Dec 19 2019, 00:42:30) [MSC v.1916 64 bit (AMD64)], pyOpenSSL 19.1.0 (OpenSSL 1.1.1h  22 Sep 2020), cryptography 3.1.1, Platform Windows-10-10.0.17763-SP0
2020-10-14 10:21:31 [scrapy.utils.log] DEBUG: Using reactor: twisted.internet.selectreactor.SelectReactor
2020-10-14 10:21:31 [scrapy.crawler] INFO: Overridden settings:
{'BOT_NAME': 'stocks',
 'LOG_FILE': 'all.log',
 'NEWSPIDER_MODULE': 'stocks.spiders',
 'SPIDER_LOADER_WARN_ONLY': True,
 'SPIDER_MODULES': ['stocks.spiders']}
2020-10-14 10:21:31 [scrapy.extensions.telnet] INFO: Telnet Password: d93efcc013e2d851
2020-10-14 10:21:31 [scrapy.middleware] INFO: Enabled extensions:
['scrapy.extensions.corestats.CoreStats',
 'scrapy.extensions.telnet.TelnetConsole',
 'scrapy.extensions.logstats.LogStats']
2020-10-14 10:21:31 [scrapy.middleware] INFO: Enabled downloader middlewares:
['scrapy.downloadermiddlewares.httpauth.HttpAuthMiddleware',
 'scrapy.downloadermiddlewares.downloadtimeout.DownloadTimeoutMiddleware',
 'scrapy.downloadermiddlewares.defaultheaders.DefaultHeadersMiddleware',
 'scrapy.downloadermiddlewares.useragent.UserAgentMiddleware',
 'scrapy.downloadermiddlewares.retry.RetryMiddleware',
 'scrapy.downloadermiddlewares.redirect.MetaRefreshMiddleware',
 'scrapy.downloadermiddlewares.httpcompression.HttpCompressionMiddleware',
 'scrapy.downloadermiddlewares.redirect.RedirectMiddleware',
 'scrapy.downloadermiddlewares.cookies.CookiesMiddleware',
 'scrapy.downloadermiddlewares.httpproxy.HttpProxyMiddleware',
 'scrapy.downloadermiddlewares.stats.DownloaderStats']
2020-10-14 10:21:31 [scrapy.middleware] INFO: Enabled spider middlewares:
['scrapy.spidermiddlewares.httperror.HttpErrorMiddleware',
 'scrapy.spidermiddlewares.offsite.OffsiteMiddleware',
 'scrapy.spidermiddlewares.referer.RefererMiddleware',
 'scrapy.spidermiddlewares.urllength.UrlLengthMiddleware',
 'scrapy.spidermiddlewares.depth.DepthMiddleware']
2020-10-14 10:21:31 [scrapy.middleware] INFO: Enabled item pipelines:
[]
2020-10-14 10:21:31 [scrapy.core.engine] INFO: Spider opened
2020-10-14 10:21:31 [scrapy.extensions.logstats] INFO: Crawled 0 pages (at 0 pages/min), scraped 0 items (at 0 items/min)
2020-10-14 10:21:31 [scrapy.extensions.telnet] INFO: Telnet console listening on 127.0.0.1:6023
2020-10-14 10:21:32 [scrapy.core.engine] DEBUG: Crawled (200) <GET http://97.push2.eastmoney.com/api/qt/clist/get?cb=jQuery112406971740416068926_1601446076156&pn=3&pz=20&po=1&np=1&ut=bd1d9ddb04089700cf9c27f6f7426281&fltt=2&invt=2&fid=f3&fs=m:0+t:6,m:0+t:13,m:0+t:80,m:1+t:2,m:1+t:23&fields=f1,f2,f3,f4,f5,f6,f7,f8,f9,f10,f12,f13,f14,f15,f16,f17,f18,f20,f21,f23,f24,f25,f22,f11,f62,f128,f136,f115,f152&_=1601446076157> (referer: None)
2020-10-14 10:21:32 [scrapy.core.engine] DEBUG: Crawled (200) <GET http://97.push2.eastmoney.com/api/qt/clist/get?cb=jQuery112406971740416068926_1601446076156&pn=1&pz=20&po=1&np=1&ut=bd1d9ddb04089700cf9c27f6f7426281&fltt=2&invt=2&fid=f3&fs=m:0+t:6,m:0+t:13,m:0+t:80,m:1+t:2,m:1+t:23&fields=f1,f2,f3,f4,f5,f6,f7,f8,f9,f10,f12,f13,f14,f15,f16,f17,f18,f20,f21,f23,f24,f25,f22,f11,f62,f128,f136,f115,f152&_=1601446076157> (referer: None)
2020-10-14 10:21:32 [scrapy.core.engine] DEBUG: Crawled (200) <GET http://97.push2.eastmoney.com/api/qt/clist/get?cb=jQuery112406971740416068926_1601446076156&pn=5&pz=20&po=1&np=1&ut=bd1d9ddb04089700cf9c27f6f7426281&fltt=2&invt=2&fid=f3&fs=m:0+t:6,m:0+t:13,m:0+t:80,m:1+t:2,m:1+t:23&fields=f1,f2,f3,f4,f5,f6,f7,f8,f9,f10,f12,f13,f14,f15,f16,f17,f18,f20,f21,f23,f24,f25,f22,f11,f62,f128,f136,f115,f152&_=1601446076157> (referer: None)
2020-10-14 10:21:32 [scrapy.core.engine] DEBUG: Crawled (200) <GET http://97.push2.eastmoney.com/api/qt/clist/get?cb=jQuery112406971740416068926_1601446076156&pn=4&pz=20&po=1&np=1&ut=bd1d9ddb04089700cf9c27f6f7426281&fltt=2&invt=2&fid=f3&fs=m:0+t:6,m:0+t:13,m:0+t:80,m:1+t:2,m:1+t:23&fields=f1,f2,f3,f4,f5,f6,f7,f8,f9,f10,f12,f13,f14,f15,f16,f17,f18,f20,f21,f23,f24,f25,f22,f11,f62,f128,f136,f115,f152&_=1601446076157> (referer: None)
2020-10-14 10:21:32 [scrapy.core.engine] DEBUG: Crawled (200) <GET http://97.push2.eastmoney.com/api/qt/clist/get?cb=jQuery112406971740416068926_1601446076156&pn=2&pz=20&po=1&np=1&ut=bd1d9ddb04089700cf9c27f6f7426281&fltt=2&invt=2&fid=f3&fs=m:0+t:6,m:0+t:13,m:0+t:80,m:1+t:2,m:1+t:23&fields=f1,f2,f3,f4,f5,f6,f7,f8,f9,f10,f12,f13,f14,f15,f16,f17,f18,f20,f21,f23,f24,f25,f22,f11,f62,f128,f136,f115,f152&_=1601446076157> (referer: None)
2020-10-14 10:21:32 [urllib3.connectionpool] DEBUG: Starting new HTTP connection (1): 97.push2.eastmoney.com:80
2020-10-14 10:21:32 [urllib3.connectionpool] DEBUG: http://97.push2.eastmoney.com:80 "GET /api/qt/clist/get?cb=jQuery112406971740416068926_1601446076156&pn=3&pz=20&po=1&np=1&ut=bd1d9ddb04089700cf9c27f6f7426281&fltt=2&invt=2&fid=f3&fs=m:0+t:6,m:0+t:13,m:0+t:80,m:1+t:2,m:1+t:23&fields=f1,f2,f3,f4,f5,f6,f7,f8,f9,f10,f12,f13,f14,f15,f16,f17,f18,f20,f21,f23,f24,f25,f22,f11,f62,f128,f136,f115,f152&_=1601446076157 HTTP/1.1" 200 7655
2020-10-14 10:21:32 [urllib3.connectionpool] DEBUG: Starting new HTTP connection (1): 97.push2.eastmoney.com:80
2020-10-14 10:21:32 [urllib3.connectionpool] DEBUG: http://97.push2.eastmoney.com:80 "GET /api/qt/clist/get?cb=jQuery112406971740416068926_1601446076156&pn=1&pz=20&po=1&np=1&ut=bd1d9ddb04089700cf9c27f6f7426281&fltt=2&invt=2&fid=f3&fs=m:0+t:6,m:0+t:13,m:0+t:80,m:1+t:2,m:1+t:23&fields=f1,f2,f3,f4,f5,f6,f7,f8,f9,f10,f12,f13,f14,f15,f16,f17,f18,f20,f21,f23,f24,f25,f22,f11,f62,f128,f136,f115,f152&_=1601446076157 HTTP/1.1" 200 7642
2020-10-14 10:21:33 [urllib3.connectionpool] DEBUG: Starting new HTTP connection (1): 97.push2.eastmoney.com:80
2020-10-14 10:21:33 [urllib3.connectionpool] DEBUG: http://97.push2.eastmoney.com:80 "GET /api/qt/clist/get?cb=jQuery112406971740416068926_1601446076156&pn=5&pz=20&po=1&np=1&ut=bd1d9ddb04089700cf9c27f6f7426281&fltt=2&invt=2&fid=f3&fs=m:0+t:6,m:0+t:13,m:0+t:80,m:1+t:2,m:1+t:23&fields=f1,f2,f3,f4,f5,f6,f7,f8,f9,f10,f12,f13,f14,f15,f16,f17,f18,f20,f21,f23,f24,f25,f22,f11,f62,f128,f136,f115,f152&_=1601446076157 HTTP/1.1" 200 7608
2020-10-14 10:21:33 [urllib3.connectionpool] DEBUG: Starting new HTTP connection (1): 97.push2.eastmoney.com:80
2020-10-14 10:21:33 [urllib3.connectionpool] DEBUG: http://97.push2.eastmoney.com:80 "GET /api/qt/clist/get?cb=jQuery112406971740416068926_1601446076156&pn=4&pz=20&po=1&np=1&ut=bd1d9ddb04089700cf9c27f6f7426281&fltt=2&invt=2&fid=f3&fs=m:0+t:6,m:0+t:13,m:0+t:80,m:1+t:2,m:1+t:23&fields=f1,f2,f3,f4,f5,f6,f7,f8,f9,f10,f12,f13,f14,f15,f16,f17,f18,f20,f21,f23,f24,f25,f22,f11,f62,f128,f136,f115,f152&_=1601446076157 HTTP/1.1" 200 7627
2020-10-14 10:21:33 [urllib3.connectionpool] DEBUG: Starting new HTTP connection (1): 97.push2.eastmoney.com:80
2020-10-14 10:21:34 [urllib3.connectionpool] DEBUG: http://97.push2.eastmoney.com:80 "GET /api/qt/clist/get?cb=jQuery112406971740416068926_1601446076156&pn=2&pz=20&po=1&np=1&ut=bd1d9ddb04089700cf9c27f6f7426281&fltt=2&invt=2&fid=f3&fs=m:0+t:6,m:0+t:13,m:0+t:80,m:1+t:2,m:1+t:23&fields=f1,f2,f3,f4,f5,f6,f7,f8,f9,f10,f12,f13,f14,f15,f16,f17,f18,f20,f21,f23,f24,f25,f22,f11,f62,f128,f136,f115,f152&_=1601446076157 HTTP/1.1" 200 7584
2020-10-14 10:21:34 [scrapy.core.engine] INFO: Closing spider (finished)
2020-10-14 10:21:34 [scrapy.statscollectors] INFO: Dumping Scrapy stats:
{'downloader/request_bytes': 2705,
 'downloader/request_count': 5,
 'downloader/request_method_count/GET': 5,
 'downloader/response_bytes': 39258,
 'downloader/response_count': 5,
 'downloader/response_status_count/200': 5,
 'elapsed_time_seconds': 2.722157,
 'finish_reason': 'finished',
 'finish_time': datetime.datetime(2020, 10, 14, 2, 21, 34, 221601),
 'log_count/DEBUG': 15,
 'log_count/INFO': 10,
 'response_received_count': 5,
 'scheduler/dequeued': 5,
 'scheduler/dequeued/memory': 5,
 'scheduler/enqueued': 5,
 'scheduler/enqueued/memory': 5,
 'start_time': datetime.datetime(2020, 10, 14, 2, 21, 31, 499444)}
2020-10-14 10:21:34 [scrapy.core.engine] INFO: Spider closed (finished)
2020-10-14 10:22:02 [scrapy.utils.log] INFO: Scrapy 2.3.0 started (bot: stocks)
2020-10-14 10:22:02 [scrapy.utils.log] INFO: Versions: lxml 4.5.2.0, libxml2 2.9.5, cssselect 1.1.0, parsel 1.6.0, w3lib 1.22.0, Twisted 20.3.0, Python 3.7.6 (tags/v3.7.6:43364a7ae0, Dec 19 2019, 00:42:30) [MSC v.1916 64 bit (AMD64)], pyOpenSSL 19.1.0 (OpenSSL 1.1.1h  22 Sep 2020), cryptography 3.1.1, Platform Windows-10-10.0.17763-SP0
2020-10-14 10:22:02 [scrapy.utils.log] DEBUG: Using reactor: twisted.internet.selectreactor.SelectReactor
2020-10-14 10:22:02 [scrapy.crawler] INFO: Overridden settings:
{'BOT_NAME': 'stocks',
 'LOG_FILE': 'all.log',
 'NEWSPIDER_MODULE': 'stocks.spiders',
 'SPIDER_LOADER_WARN_ONLY': True,
 'SPIDER_MODULES': ['stocks.spiders']}
2020-10-14 10:22:02 [scrapy.extensions.telnet] INFO: Telnet Password: 23e0ce05f0f9b56a
2020-10-14 10:22:02 [scrapy.middleware] INFO: Enabled extensions:
['scrapy.extensions.corestats.CoreStats',
 'scrapy.extensions.telnet.TelnetConsole',
 'scrapy.extensions.logstats.LogStats']
2020-10-14 10:22:02 [scrapy.middleware] INFO: Enabled downloader middlewares:
['scrapy.downloadermiddlewares.httpauth.HttpAuthMiddleware',
 'scrapy.downloadermiddlewares.downloadtimeout.DownloadTimeoutMiddleware',
 'scrapy.downloadermiddlewares.defaultheaders.DefaultHeadersMiddleware',
 'scrapy.downloadermiddlewares.useragent.UserAgentMiddleware',
 'scrapy.downloadermiddlewares.retry.RetryMiddleware',
 'scrapy.downloadermiddlewares.redirect.MetaRefreshMiddleware',
 'scrapy.downloadermiddlewares.httpcompression.HttpCompressionMiddleware',
 'scrapy.downloadermiddlewares.redirect.RedirectMiddleware',
 'scrapy.downloadermiddlewares.cookies.CookiesMiddleware',
 'scrapy.downloadermiddlewares.httpproxy.HttpProxyMiddleware',
 'scrapy.downloadermiddlewares.stats.DownloaderStats']
2020-10-14 10:22:02 [scrapy.middleware] INFO: Enabled spider middlewares:
['scrapy.spidermiddlewares.httperror.HttpErrorMiddleware',
 'scrapy.spidermiddlewares.offsite.OffsiteMiddleware',
 'scrapy.spidermiddlewares.referer.RefererMiddleware',
 'scrapy.spidermiddlewares.urllength.UrlLengthMiddleware',
 'scrapy.spidermiddlewares.depth.DepthMiddleware']
2020-10-14 10:22:02 [scrapy.middleware] INFO: Enabled item pipelines:
[]
2020-10-14 10:22:02 [scrapy.core.engine] INFO: Spider opened
2020-10-14 10:22:02 [scrapy.extensions.logstats] INFO: Crawled 0 pages (at 0 pages/min), scraped 0 items (at 0 items/min)
2020-10-14 10:22:02 [scrapy.extensions.telnet] INFO: Telnet console listening on 127.0.0.1:6023
2020-10-14 10:22:03 [scrapy.core.engine] DEBUG: Crawled (200) <GET http://97.push2.eastmoney.com/api/qt/clist/get?cb=jQuery112406971740416068926_1601446076156&pn=1&pz=20&po=1&np=1&ut=bd1d9ddb04089700cf9c27f6f7426281&fltt=2&invt=2&fid=f3&fs=m:0+t:6,m:0+t:13,m:0+t:80,m:1+t:2,m:1+t:23&fields=f1,f2,f3,f4,f5,f6,f7,f8,f9,f10,f12,f13,f14,f15,f16,f17,f18,f20,f21,f23,f24,f25,f22,f11,f62,f128,f136,f115,f152&_=1601446076157> (referer: None)
2020-10-14 10:22:03 [scrapy.core.engine] DEBUG: Crawled (200) <GET http://97.push2.eastmoney.com/api/qt/clist/get?cb=jQuery112406971740416068926_1601446076156&pn=4&pz=20&po=1&np=1&ut=bd1d9ddb04089700cf9c27f6f7426281&fltt=2&invt=2&fid=f3&fs=m:0+t:6,m:0+t:13,m:0+t:80,m:1+t:2,m:1+t:23&fields=f1,f2,f3,f4,f5,f6,f7,f8,f9,f10,f12,f13,f14,f15,f16,f17,f18,f20,f21,f23,f24,f25,f22,f11,f62,f128,f136,f115,f152&_=1601446076157> (referer: None)
2020-10-14 10:22:03 [scrapy.core.engine] DEBUG: Crawled (200) <GET http://97.push2.eastmoney.com/api/qt/clist/get?cb=jQuery112406971740416068926_1601446076156&pn=5&pz=20&po=1&np=1&ut=bd1d9ddb04089700cf9c27f6f7426281&fltt=2&invt=2&fid=f3&fs=m:0+t:6,m:0+t:13,m:0+t:80,m:1+t:2,m:1+t:23&fields=f1,f2,f3,f4,f5,f6,f7,f8,f9,f10,f12,f13,f14,f15,f16,f17,f18,f20,f21,f23,f24,f25,f22,f11,f62,f128,f136,f115,f152&_=1601446076157> (referer: None)
2020-10-14 10:22:03 [scrapy.core.engine] DEBUG: Crawled (200) <GET http://97.push2.eastmoney.com/api/qt/clist/get?cb=jQuery112406971740416068926_1601446076156&pn=2&pz=20&po=1&np=1&ut=bd1d9ddb04089700cf9c27f6f7426281&fltt=2&invt=2&fid=f3&fs=m:0+t:6,m:0+t:13,m:0+t:80,m:1+t:2,m:1+t:23&fields=f1,f2,f3,f4,f5,f6,f7,f8,f9,f10,f12,f13,f14,f15,f16,f17,f18,f20,f21,f23,f24,f25,f22,f11,f62,f128,f136,f115,f152&_=1601446076157> (referer: None)
2020-10-14 10:22:03 [scrapy.core.engine] DEBUG: Crawled (200) <GET http://97.push2.eastmoney.com/api/qt/clist/get?cb=jQuery112406971740416068926_1601446076156&pn=3&pz=20&po=1&np=1&ut=bd1d9ddb04089700cf9c27f6f7426281&fltt=2&invt=2&fid=f3&fs=m:0+t:6,m:0+t:13,m:0+t:80,m:1+t:2,m:1+t:23&fields=f1,f2,f3,f4,f5,f6,f7,f8,f9,f10,f12,f13,f14,f15,f16,f17,f18,f20,f21,f23,f24,f25,f22,f11,f62,f128,f136,f115,f152&_=1601446076157> (referer: None)
2020-10-14 10:22:03 [urllib3.connectionpool] DEBUG: Starting new HTTP connection (1): 97.push2.eastmoney.com:80
2020-10-14 10:22:03 [urllib3.connectionpool] DEBUG: http://97.push2.eastmoney.com:80 "GET /api/qt/clist/get?cb=jQuery112406971740416068926_1601446076156&pn=1&pz=20&po=1&np=1&ut=bd1d9ddb04089700cf9c27f6f7426281&fltt=2&invt=2&fid=f3&fs=m:0+t:6,m:0+t:13,m:0+t:80,m:1+t:2,m:1+t:23&fields=f1,f2,f3,f4,f5,f6,f7,f8,f9,f10,f12,f13,f14,f15,f16,f17,f18,f20,f21,f23,f24,f25,f22,f11,f62,f128,f136,f115,f152&_=1601446076157 HTTP/1.1" 200 7651
2020-10-14 10:22:03 [urllib3.connectionpool] DEBUG: Starting new HTTP connection (1): 97.push2.eastmoney.com:80
2020-10-14 10:22:04 [urllib3.connectionpool] DEBUG: http://97.push2.eastmoney.com:80 "GET /api/qt/clist/get?cb=jQuery112406971740416068926_1601446076156&pn=4&pz=20&po=1&np=1&ut=bd1d9ddb04089700cf9c27f6f7426281&fltt=2&invt=2&fid=f3&fs=m:0+t:6,m:0+t:13,m:0+t:80,m:1+t:2,m:1+t:23&fields=f1,f2,f3,f4,f5,f6,f7,f8,f9,f10,f12,f13,f14,f15,f16,f17,f18,f20,f21,f23,f24,f25,f22,f11,f62,f128,f136,f115,f152&_=1601446076157 HTTP/1.1" 200 7635
2020-10-14 10:22:04 [urllib3.connectionpool] DEBUG: Starting new HTTP connection (1): 97.push2.eastmoney.com:80
2020-10-14 10:22:04 [urllib3.connectionpool] DEBUG: http://97.push2.eastmoney.com:80 "GET /api/qt/clist/get?cb=jQuery112406971740416068926_1601446076156&pn=5&pz=20&po=1&np=1&ut=bd1d9ddb04089700cf9c27f6f7426281&fltt=2&invt=2&fid=f3&fs=m:0+t:6,m:0+t:13,m:0+t:80,m:1+t:2,m:1+t:23&fields=f1,f2,f3,f4,f5,f6,f7,f8,f9,f10,f12,f13,f14,f15,f16,f17,f18,f20,f21,f23,f24,f25,f22,f11,f62,f128,f136,f115,f152&_=1601446076157 HTTP/1.1" 200 7603
2020-10-14 10:22:04 [urllib3.connectionpool] DEBUG: Starting new HTTP connection (1): 97.push2.eastmoney.com:80
2020-10-14 10:22:04 [urllib3.connectionpool] DEBUG: http://97.push2.eastmoney.com:80 "GET /api/qt/clist/get?cb=jQuery112406971740416068926_1601446076156&pn=2&pz=20&po=1&np=1&ut=bd1d9ddb04089700cf9c27f6f7426281&fltt=2&invt=2&fid=f3&fs=m:0+t:6,m:0+t:13,m:0+t:80,m:1+t:2,m:1+t:23&fields=f1,f2,f3,f4,f5,f6,f7,f8,f9,f10,f12,f13,f14,f15,f16,f17,f18,f20,f21,f23,f24,f25,f22,f11,f62,f128,f136,f115,f152&_=1601446076157 HTTP/1.1" 200 7602
2020-10-14 10:22:05 [urllib3.connectionpool] DEBUG: Starting new HTTP connection (1): 97.push2.eastmoney.com:80
2020-10-14 10:22:05 [urllib3.connectionpool] DEBUG: http://97.push2.eastmoney.com:80 "GET /api/qt/clist/get?cb=jQuery112406971740416068926_1601446076156&pn=3&pz=20&po=1&np=1&ut=bd1d9ddb04089700cf9c27f6f7426281&fltt=2&invt=2&fid=f3&fs=m:0+t:6,m:0+t:13,m:0+t:80,m:1+t:2,m:1+t:23&fields=f1,f2,f3,f4,f5,f6,f7,f8,f9,f10,f12,f13,f14,f15,f16,f17,f18,f20,f21,f23,f24,f25,f22,f11,f62,f128,f136,f115,f152&_=1601446076157 HTTP/1.1" 200 7644
2020-10-14 10:22:05 [scrapy.core.engine] INFO: Closing spider (finished)
2020-10-14 10:22:05 [scrapy.statscollectors] INFO: Dumping Scrapy stats:
{'downloader/request_bytes': 2705,
 'downloader/request_count': 5,
 'downloader/request_method_count/GET': 5,
 'downloader/response_bytes': 39285,
 'downloader/response_count': 5,
 'downloader/response_status_count/200': 5,
 'elapsed_time_seconds': 2.736553,
 'finish_reason': 'finished',
 'finish_time': datetime.datetime(2020, 10, 14, 2, 22, 5, 430732),
 'log_count/DEBUG': 15,
 'log_count/INFO': 10,
 'response_received_count': 5,
 'scheduler/dequeued': 5,
 'scheduler/dequeued/memory': 5,
 'scheduler/enqueued': 5,
 'scheduler/enqueued/memory': 5,
 'start_time': datetime.datetime(2020, 10, 14, 2, 22, 2, 694179)}
2020-10-14 10:22:05 [scrapy.core.engine] INFO: Spider closed (finished)
2020-10-14 11:01:09 [scrapy.utils.log] INFO: Scrapy 2.3.0 started (bot: stocks)
2020-10-14 11:01:09 [scrapy.utils.log] INFO: Versions: lxml 4.5.2.0, libxml2 2.9.5, cssselect 1.1.0, parsel 1.6.0, w3lib 1.22.0, Twisted 20.3.0, Python 3.7.6 (tags/v3.7.6:43364a7ae0, Dec 19 2019, 00:42:30) [MSC v.1916 64 bit (AMD64)], pyOpenSSL 19.1.0 (OpenSSL 1.1.1h  22 Sep 2020), cryptography 3.1.1, Platform Windows-10-10.0.17763-SP0
2020-10-14 11:01:09 [scrapy.utils.log] DEBUG: Using reactor: twisted.internet.selectreactor.SelectReactor
2020-10-14 11:01:09 [scrapy.crawler] INFO: Overridden settings:
{'BOT_NAME': 'stocks',
 'LOG_FILE': 'all.log',
 'NEWSPIDER_MODULE': 'stocks.spiders',
 'SPIDER_LOADER_WARN_ONLY': True,
 'SPIDER_MODULES': ['stocks.spiders']}
2020-10-14 11:01:09 [scrapy.extensions.telnet] INFO: Telnet Password: 327d85405087ed7e
2020-10-14 11:01:09 [scrapy.middleware] INFO: Enabled extensions:
['scrapy.extensions.corestats.CoreStats',
 'scrapy.extensions.telnet.TelnetConsole',
 'scrapy.extensions.logstats.LogStats']
2020-10-14 11:01:10 [scrapy.middleware] INFO: Enabled downloader middlewares:
['scrapy.downloadermiddlewares.httpauth.HttpAuthMiddleware',
 'scrapy.downloadermiddlewares.downloadtimeout.DownloadTimeoutMiddleware',
 'scrapy.downloadermiddlewares.defaultheaders.DefaultHeadersMiddleware',
 'scrapy.downloadermiddlewares.useragent.UserAgentMiddleware',
 'scrapy.downloadermiddlewares.retry.RetryMiddleware',
 'scrapy.downloadermiddlewares.redirect.MetaRefreshMiddleware',
 'scrapy.downloadermiddlewares.httpcompression.HttpCompressionMiddleware',
 'scrapy.downloadermiddlewares.redirect.RedirectMiddleware',
 'scrapy.downloadermiddlewares.cookies.CookiesMiddleware',
 'scrapy.downloadermiddlewares.httpproxy.HttpProxyMiddleware',
 'scrapy.downloadermiddlewares.stats.DownloaderStats']
2020-10-14 11:01:10 [scrapy.middleware] INFO: Enabled spider middlewares:
['scrapy.spidermiddlewares.httperror.HttpErrorMiddleware',
 'scrapy.spidermiddlewares.offsite.OffsiteMiddleware',
 'scrapy.spidermiddlewares.referer.RefererMiddleware',
 'scrapy.spidermiddlewares.urllength.UrlLengthMiddleware',
 'scrapy.spidermiddlewares.depth.DepthMiddleware']
2020-10-14 11:01:10 [scrapy.middleware] INFO: Enabled item pipelines:
[]
2020-10-14 11:01:10 [scrapy.core.engine] INFO: Spider opened
2020-10-14 11:01:10 [scrapy.extensions.logstats] INFO: Crawled 0 pages (at 0 pages/min), scraped 0 items (at 0 items/min)
2020-10-14 11:01:10 [scrapy.extensions.telnet] INFO: Telnet console listening on 127.0.0.1:6023
2020-10-14 11:01:10 [scrapy.core.engine] DEBUG: Crawled (200) <GET http://97.push2.eastmoney.com/api/qt/clist/get?cb=jQuery112406971740416068926_1601446076156&pn=5&pz=20&po=1&np=1&ut=bd1d9ddb04089700cf9c27f6f7426281&fltt=2&invt=2&fid=f3&fs=m:0+t:6,m:0+t:13,m:0+t:80,m:1+t:2,m:1+t:23&fields=f1,f2,f3,f4,f5,f6,f7,f8,f9,f10,f12,f13,f14,f15,f16,f17,f18,f20,f21,f23,f24,f25,f22,f11,f62,f128,f136,f115,f152&_=1601446076157> (referer: None)
2020-10-14 11:01:10 [scrapy.core.engine] DEBUG: Crawled (200) <GET http://97.push2.eastmoney.com/api/qt/clist/get?cb=jQuery112406971740416068926_1601446076156&pn=2&pz=20&po=1&np=1&ut=bd1d9ddb04089700cf9c27f6f7426281&fltt=2&invt=2&fid=f3&fs=m:0+t:6,m:0+t:13,m:0+t:80,m:1+t:2,m:1+t:23&fields=f1,f2,f3,f4,f5,f6,f7,f8,f9,f10,f12,f13,f14,f15,f16,f17,f18,f20,f21,f23,f24,f25,f22,f11,f62,f128,f136,f115,f152&_=1601446076157> (referer: None)
2020-10-14 11:01:10 [scrapy.core.engine] DEBUG: Crawled (200) <GET http://97.push2.eastmoney.com/api/qt/clist/get?cb=jQuery112406971740416068926_1601446076156&pn=1&pz=20&po=1&np=1&ut=bd1d9ddb04089700cf9c27f6f7426281&fltt=2&invt=2&fid=f3&fs=m:0+t:6,m:0+t:13,m:0+t:80,m:1+t:2,m:1+t:23&fields=f1,f2,f3,f4,f5,f6,f7,f8,f9,f10,f12,f13,f14,f15,f16,f17,f18,f20,f21,f23,f24,f25,f22,f11,f62,f128,f136,f115,f152&_=1601446076157> (referer: None)
2020-10-14 11:01:10 [scrapy.core.engine] DEBUG: Crawled (200) <GET http://97.push2.eastmoney.com/api/qt/clist/get?cb=jQuery112406971740416068926_1601446076156&pn=3&pz=20&po=1&np=1&ut=bd1d9ddb04089700cf9c27f6f7426281&fltt=2&invt=2&fid=f3&fs=m:0+t:6,m:0+t:13,m:0+t:80,m:1+t:2,m:1+t:23&fields=f1,f2,f3,f4,f5,f6,f7,f8,f9,f10,f12,f13,f14,f15,f16,f17,f18,f20,f21,f23,f24,f25,f22,f11,f62,f128,f136,f115,f152&_=1601446076157> (referer: None)
2020-10-14 11:01:10 [scrapy.core.engine] DEBUG: Crawled (200) <GET http://97.push2.eastmoney.com/api/qt/clist/get?cb=jQuery112406971740416068926_1601446076156&pn=4&pz=20&po=1&np=1&ut=bd1d9ddb04089700cf9c27f6f7426281&fltt=2&invt=2&fid=f3&fs=m:0+t:6,m:0+t:13,m:0+t:80,m:1+t:2,m:1+t:23&fields=f1,f2,f3,f4,f5,f6,f7,f8,f9,f10,f12,f13,f14,f15,f16,f17,f18,f20,f21,f23,f24,f25,f22,f11,f62,f128,f136,f115,f152&_=1601446076157> (referer: None)
2020-10-14 11:01:10 [urllib3.connectionpool] DEBUG: Starting new HTTP connection (1): 97.push2.eastmoney.com:80
2020-10-14 11:01:11 [urllib3.connectionpool] DEBUG: http://97.push2.eastmoney.com:80 "GET /api/qt/clist/get?cb=jQuery112406971740416068926_1601446076156&pn=5&pz=20&po=1&np=1&ut=bd1d9ddb04089700cf9c27f6f7426281&fltt=2&invt=2&fid=f3&fs=m:0+t:6,m:0+t:13,m:0+t:80,m:1+t:2,m:1+t:23&fields=f1,f2,f3,f4,f5,f6,f7,f8,f9,f10,f12,f13,f14,f15,f16,f17,f18,f20,f21,f23,f24,f25,f22,f11,f62,f128,f136,f115,f152&_=1601446076157 HTTP/1.1" 200 7604
2020-10-14 11:01:11 [urllib3.connectionpool] DEBUG: Starting new HTTP connection (1): 97.push2.eastmoney.com:80
2020-10-14 11:01:11 [urllib3.connectionpool] DEBUG: http://97.push2.eastmoney.com:80 "GET /api/qt/clist/get?cb=jQuery112406971740416068926_1601446076156&pn=2&pz=20&po=1&np=1&ut=bd1d9ddb04089700cf9c27f6f7426281&fltt=2&invt=2&fid=f3&fs=m:0+t:6,m:0+t:13,m:0+t:80,m:1+t:2,m:1+t:23&fields=f1,f2,f3,f4,f5,f6,f7,f8,f9,f10,f12,f13,f14,f15,f16,f17,f18,f20,f21,f23,f24,f25,f22,f11,f62,f128,f136,f115,f152&_=1601446076157 HTTP/1.1" 200 7626
2020-10-14 11:01:11 [urllib3.connectionpool] DEBUG: Starting new HTTP connection (1): 97.push2.eastmoney.com:80
2020-10-14 11:01:12 [urllib3.connectionpool] DEBUG: http://97.push2.eastmoney.com:80 "GET /api/qt/clist/get?cb=jQuery112406971740416068926_1601446076156&pn=1&pz=20&po=1&np=1&ut=bd1d9ddb04089700cf9c27f6f7426281&fltt=2&invt=2&fid=f3&fs=m:0+t:6,m:0+t:13,m:0+t:80,m:1+t:2,m:1+t:23&fields=f1,f2,f3,f4,f5,f6,f7,f8,f9,f10,f12,f13,f14,f15,f16,f17,f18,f20,f21,f23,f24,f25,f22,f11,f62,f128,f136,f115,f152&_=1601446076157 HTTP/1.1" 200 7652
2020-10-14 11:01:12 [urllib3.connectionpool] DEBUG: Starting new HTTP connection (1): 97.push2.eastmoney.com:80
2020-10-14 11:01:12 [urllib3.connectionpool] DEBUG: http://97.push2.eastmoney.com:80 "GET /api/qt/clist/get?cb=jQuery112406971740416068926_1601446076156&pn=3&pz=20&po=1&np=1&ut=bd1d9ddb04089700cf9c27f6f7426281&fltt=2&invt=2&fid=f3&fs=m:0+t:6,m:0+t:13,m:0+t:80,m:1+t:2,m:1+t:23&fields=f1,f2,f3,f4,f5,f6,f7,f8,f9,f10,f12,f13,f14,f15,f16,f17,f18,f20,f21,f23,f24,f25,f22,f11,f62,f128,f136,f115,f152&_=1601446076157 HTTP/1.1" 200 7650
2020-10-14 11:01:12 [urllib3.connectionpool] DEBUG: Starting new HTTP connection (1): 97.push2.eastmoney.com:80
2020-10-14 11:01:13 [urllib3.connectionpool] DEBUG: http://97.push2.eastmoney.com:80 "GET /api/qt/clist/get?cb=jQuery112406971740416068926_1601446076156&pn=4&pz=20&po=1&np=1&ut=bd1d9ddb04089700cf9c27f6f7426281&fltt=2&invt=2&fid=f3&fs=m:0+t:6,m:0+t:13,m:0+t:80,m:1+t:2,m:1+t:23&fields=f1,f2,f3,f4,f5,f6,f7,f8,f9,f10,f12,f13,f14,f15,f16,f17,f18,f20,f21,f23,f24,f25,f22,f11,f62,f128,f136,f115,f152&_=1601446076157 HTTP/1.1" 200 7640
2020-10-14 11:01:13 [scrapy.core.engine] INFO: Closing spider (finished)
2020-10-14 11:01:13 [scrapy.statscollectors] INFO: Dumping Scrapy stats:
{'downloader/request_bytes': 2705,
 'downloader/request_count': 5,
 'downloader/request_method_count/GET': 5,
 'downloader/response_bytes': 39323,
 'downloader/response_count': 5,
 'downloader/response_status_count/200': 5,
 'elapsed_time_seconds': 3.303562,
 'finish_reason': 'finished',
 'finish_time': datetime.datetime(2020, 10, 14, 3, 1, 13, 437270),
 'log_count/DEBUG': 15,
 'log_count/INFO': 10,
 'response_received_count': 5,
 'scheduler/dequeued': 5,
 'scheduler/dequeued/memory': 5,
 'scheduler/enqueued': 5,
 'scheduler/enqueued/memory': 5,
 'start_time': datetime.datetime(2020, 10, 14, 3, 1, 10, 133708)}
2020-10-14 11:01:13 [scrapy.core.engine] INFO: Spider closed (finished)
2020-10-14 11:22:28 [scrapy.utils.log] INFO: Scrapy 2.3.0 started (bot: stocks)
2020-10-14 11:22:28 [scrapy.utils.log] INFO: Versions: lxml 4.5.2.0, libxml2 2.9.5, cssselect 1.1.0, parsel 1.6.0, w3lib 1.22.0, Twisted 20.3.0, Python 3.7.6 (tags/v3.7.6:43364a7ae0, Dec 19 2019, 00:42:30) [MSC v.1916 64 bit (AMD64)], pyOpenSSL 19.1.0 (OpenSSL 1.1.1h  22 Sep 2020), cryptography 3.1.1, Platform Windows-10-10.0.17763-SP0
2020-10-14 11:22:28 [scrapy.utils.log] DEBUG: Using reactor: twisted.internet.selectreactor.SelectReactor
2020-10-14 11:22:28 [scrapy.crawler] INFO: Overridden settings:
{'BOT_NAME': 'stocks',
 'LOG_FILE': 'all.log',
 'NEWSPIDER_MODULE': 'stocks.spiders',
 'SPIDER_LOADER_WARN_ONLY': True,
 'SPIDER_MODULES': ['stocks.spiders']}
2020-10-14 11:22:28 [scrapy.extensions.telnet] INFO: Telnet Password: ac54e20cc523b0ae
2020-10-14 11:22:28 [scrapy.middleware] INFO: Enabled extensions:
['scrapy.extensions.corestats.CoreStats',
 'scrapy.extensions.telnet.TelnetConsole',
 'scrapy.extensions.logstats.LogStats']
2020-10-14 11:22:28 [scrapy.middleware] INFO: Enabled downloader middlewares:
['scrapy.downloadermiddlewares.httpauth.HttpAuthMiddleware',
 'scrapy.downloadermiddlewares.downloadtimeout.DownloadTimeoutMiddleware',
 'scrapy.downloadermiddlewares.defaultheaders.DefaultHeadersMiddleware',
 'scrapy.downloadermiddlewares.useragent.UserAgentMiddleware',
 'scrapy.downloadermiddlewares.retry.RetryMiddleware',
 'scrapy.downloadermiddlewares.redirect.MetaRefreshMiddleware',
 'scrapy.downloadermiddlewares.httpcompression.HttpCompressionMiddleware',
 'scrapy.downloadermiddlewares.redirect.RedirectMiddleware',
 'scrapy.downloadermiddlewares.cookies.CookiesMiddleware',
 'scrapy.downloadermiddlewares.httpproxy.HttpProxyMiddleware',
 'scrapy.downloadermiddlewares.stats.DownloaderStats']
2020-10-14 11:22:28 [scrapy.middleware] INFO: Enabled spider middlewares:
['scrapy.spidermiddlewares.httperror.HttpErrorMiddleware',
 'scrapy.spidermiddlewares.offsite.OffsiteMiddleware',
 'scrapy.spidermiddlewares.referer.RefererMiddleware',
 'scrapy.spidermiddlewares.urllength.UrlLengthMiddleware',
 'scrapy.spidermiddlewares.depth.DepthMiddleware']
2020-10-14 11:22:28 [scrapy.middleware] INFO: Enabled item pipelines:
[]
2020-10-14 11:22:28 [scrapy.core.engine] INFO: Spider opened
2020-10-14 11:22:28 [scrapy.extensions.logstats] INFO: Crawled 0 pages (at 0 pages/min), scraped 0 items (at 0 items/min)
2020-10-14 11:22:28 [scrapy.extensions.telnet] INFO: Telnet console listening on 127.0.0.1:6023
2020-10-14 11:22:29 [scrapy.core.engine] DEBUG: Crawled (200) <GET http://97.push2.eastmoney.com/api/qt/clist/get?cb=jQuery112406971740416068926_1601446076156&pn=4&pz=20&po=1&np=1&ut=bd1d9ddb04089700cf9c27f6f7426281&fltt=2&invt=2&fid=f3&fs=m:0+t:6,m:0+t:13,m:0+t:80,m:1+t:2,m:1+t:23&fields=f1,f2,f3,f4,f5,f6,f7,f8,f9,f10,f12,f13,f14,f15,f16,f17,f18,f20,f21,f23,f24,f25,f22,f11,f62,f128,f136,f115,f152&_=1601446076157> (referer: None)
2020-10-14 11:22:29 [scrapy.core.engine] DEBUG: Crawled (200) <GET http://97.push2.eastmoney.com/api/qt/clist/get?cb=jQuery112406971740416068926_1601446076156&pn=3&pz=20&po=1&np=1&ut=bd1d9ddb04089700cf9c27f6f7426281&fltt=2&invt=2&fid=f3&fs=m:0+t:6,m:0+t:13,m:0+t:80,m:1+t:2,m:1+t:23&fields=f1,f2,f3,f4,f5,f6,f7,f8,f9,f10,f12,f13,f14,f15,f16,f17,f18,f20,f21,f23,f24,f25,f22,f11,f62,f128,f136,f115,f152&_=1601446076157> (referer: None)
2020-10-14 11:22:29 [scrapy.core.engine] DEBUG: Crawled (200) <GET http://97.push2.eastmoney.com/api/qt/clist/get?cb=jQuery112406971740416068926_1601446076156&pn=5&pz=20&po=1&np=1&ut=bd1d9ddb04089700cf9c27f6f7426281&fltt=2&invt=2&fid=f3&fs=m:0+t:6,m:0+t:13,m:0+t:80,m:1+t:2,m:1+t:23&fields=f1,f2,f3,f4,f5,f6,f7,f8,f9,f10,f12,f13,f14,f15,f16,f17,f18,f20,f21,f23,f24,f25,f22,f11,f62,f128,f136,f115,f152&_=1601446076157> (referer: None)
2020-10-14 11:22:29 [scrapy.core.engine] DEBUG: Crawled (200) <GET http://97.push2.eastmoney.com/api/qt/clist/get?cb=jQuery112406971740416068926_1601446076156&pn=2&pz=20&po=1&np=1&ut=bd1d9ddb04089700cf9c27f6f7426281&fltt=2&invt=2&fid=f3&fs=m:0+t:6,m:0+t:13,m:0+t:80,m:1+t:2,m:1+t:23&fields=f1,f2,f3,f4,f5,f6,f7,f8,f9,f10,f12,f13,f14,f15,f16,f17,f18,f20,f21,f23,f24,f25,f22,f11,f62,f128,f136,f115,f152&_=1601446076157> (referer: None)
2020-10-14 11:22:29 [scrapy.core.engine] DEBUG: Crawled (200) <GET http://97.push2.eastmoney.com/api/qt/clist/get?cb=jQuery112406971740416068926_1601446076156&pn=1&pz=20&po=1&np=1&ut=bd1d9ddb04089700cf9c27f6f7426281&fltt=2&invt=2&fid=f3&fs=m:0+t:6,m:0+t:13,m:0+t:80,m:1+t:2,m:1+t:23&fields=f1,f2,f3,f4,f5,f6,f7,f8,f9,f10,f12,f13,f14,f15,f16,f17,f18,f20,f21,f23,f24,f25,f22,f11,f62,f128,f136,f115,f152&_=1601446076157> (referer: None)
2020-10-14 11:22:29 [urllib3.connectionpool] DEBUG: Starting new HTTP connection (1): 97.push2.eastmoney.com:80
2020-10-14 11:22:29 [urllib3.connectionpool] DEBUG: http://97.push2.eastmoney.com:80 "GET /api/qt/clist/get?cb=jQuery112406971740416068926_1601446076156&pn=4&pz=20&po=1&np=1&ut=bd1d9ddb04089700cf9c27f6f7426281&fltt=2&invt=2&fid=f3&fs=m:0+t:6,m:0+t:13,m:0+t:80,m:1+t:2,m:1+t:23&fields=f1,f2,f3,f4,f5,f6,f7,f8,f9,f10,f12,f13,f14,f15,f16,f17,f18,f20,f21,f23,f24,f25,f22,f11,f62,f128,f136,f115,f152&_=1601446076157 HTTP/1.1" 200 7634
2020-10-14 11:22:29 [urllib3.connectionpool] DEBUG: Starting new HTTP connection (1): 97.push2.eastmoney.com:80
2020-10-14 11:22:29 [urllib3.connectionpool] DEBUG: http://97.push2.eastmoney.com:80 "GET /api/qt/clist/get?cb=jQuery112406971740416068926_1601446076156&pn=3&pz=20&po=1&np=1&ut=bd1d9ddb04089700cf9c27f6f7426281&fltt=2&invt=2&fid=f3&fs=m:0+t:6,m:0+t:13,m:0+t:80,m:1+t:2,m:1+t:23&fields=f1,f2,f3,f4,f5,f6,f7,f8,f9,f10,f12,f13,f14,f15,f16,f17,f18,f20,f21,f23,f24,f25,f22,f11,f62,f128,f136,f115,f152&_=1601446076157 HTTP/1.1" 200 7666
2020-10-14 11:22:29 [urllib3.connectionpool] DEBUG: Starting new HTTP connection (1): 97.push2.eastmoney.com:80
2020-10-14 11:22:29 [urllib3.connectionpool] DEBUG: http://97.push2.eastmoney.com:80 "GET /api/qt/clist/get?cb=jQuery112406971740416068926_1601446076156&pn=5&pz=20&po=1&np=1&ut=bd1d9ddb04089700cf9c27f6f7426281&fltt=2&invt=2&fid=f3&fs=m:0+t:6,m:0+t:13,m:0+t:80,m:1+t:2,m:1+t:23&fields=f1,f2,f3,f4,f5,f6,f7,f8,f9,f10,f12,f13,f14,f15,f16,f17,f18,f20,f21,f23,f24,f25,f22,f11,f62,f128,f136,f115,f152&_=1601446076157 HTTP/1.1" 200 7613
2020-10-14 11:22:29 [urllib3.connectionpool] DEBUG: Starting new HTTP connection (1): 97.push2.eastmoney.com:80
2020-10-14 11:22:29 [urllib3.connectionpool] DEBUG: http://97.push2.eastmoney.com:80 "GET /api/qt/clist/get?cb=jQuery112406971740416068926_1601446076156&pn=2&pz=20&po=1&np=1&ut=bd1d9ddb04089700cf9c27f6f7426281&fltt=2&invt=2&fid=f3&fs=m:0+t:6,m:0+t:13,m:0+t:80,m:1+t:2,m:1+t:23&fields=f1,f2,f3,f4,f5,f6,f7,f8,f9,f10,f12,f13,f14,f15,f16,f17,f18,f20,f21,f23,f24,f25,f22,f11,f62,f128,f136,f115,f152&_=1601446076157 HTTP/1.1" 200 7598
2020-10-14 11:22:29 [urllib3.connectionpool] DEBUG: Starting new HTTP connection (1): 97.push2.eastmoney.com:80
2020-10-14 11:22:30 [urllib3.connectionpool] DEBUG: http://97.push2.eastmoney.com:80 "GET /api/qt/clist/get?cb=jQuery112406971740416068926_1601446076156&pn=1&pz=20&po=1&np=1&ut=bd1d9ddb04089700cf9c27f6f7426281&fltt=2&invt=2&fid=f3&fs=m:0+t:6,m:0+t:13,m:0+t:80,m:1+t:2,m:1+t:23&fields=f1,f2,f3,f4,f5,f6,f7,f8,f9,f10,f12,f13,f14,f15,f16,f17,f18,f20,f21,f23,f24,f25,f22,f11,f62,f128,f136,f115,f152&_=1601446076157 HTTP/1.1" 200 7654
2020-10-14 11:22:30 [scrapy.core.engine] INFO: Closing spider (finished)
2020-10-14 11:22:30 [scrapy.statscollectors] INFO: Dumping Scrapy stats:
{'downloader/request_bytes': 2705,
 'downloader/request_count': 5,
 'downloader/request_method_count/GET': 5,
 'downloader/response_bytes': 39051,
 'downloader/response_count': 5,
 'downloader/response_status_count/200': 5,
 'elapsed_time_seconds': 1.262971,
 'finish_reason': 'finished',
 'finish_time': datetime.datetime(2020, 10, 14, 3, 22, 30, 98937),
 'log_count/DEBUG': 15,
 'log_count/INFO': 10,
 'response_received_count': 5,
 'scheduler/dequeued': 5,
 'scheduler/dequeued/memory': 5,
 'scheduler/enqueued': 5,
 'scheduler/enqueued/memory': 5,
 'start_time': datetime.datetime(2020, 10, 14, 3, 22, 28, 835966)}
2020-10-14 11:22:30 [scrapy.core.engine] INFO: Spider closed (finished)
2020-10-14 13:58:40 [scrapy.utils.log] INFO: Scrapy 2.3.0 started (bot: stocks)
2020-10-14 13:58:40 [scrapy.utils.log] INFO: Versions: lxml 4.5.2.0, libxml2 2.9.5, cssselect 1.1.0, parsel 1.6.0, w3lib 1.22.0, Twisted 20.3.0, Python 3.7.6 (tags/v3.7.6:43364a7ae0, Dec 19 2019, 00:42:30) [MSC v.1916 64 bit (AMD64)], pyOpenSSL 19.1.0 (OpenSSL 1.1.1h  22 Sep 2020), cryptography 3.1.1, Platform Windows-10-10.0.17763-SP0
2020-10-14 13:58:40 [scrapy.utils.log] DEBUG: Using reactor: twisted.internet.selectreactor.SelectReactor
2020-10-14 13:58:40 [scrapy.crawler] INFO: Overridden settings:
{'BOT_NAME': 'stocks',
 'LOG_FILE': 'all.log',
 'NEWSPIDER_MODULE': 'stocks.spiders',
 'SPIDER_LOADER_WARN_ONLY': True,
 'SPIDER_MODULES': ['stocks.spiders']}
2020-10-14 13:58:40 [scrapy.extensions.telnet] INFO: Telnet Password: f97525a943aa23c0
2020-10-14 13:58:40 [scrapy.middleware] INFO: Enabled extensions:
['scrapy.extensions.corestats.CoreStats',
 'scrapy.extensions.telnet.TelnetConsole',
 'scrapy.extensions.logstats.LogStats']
2020-10-14 13:58:41 [scrapy.middleware] INFO: Enabled downloader middlewares:
['scrapy.downloadermiddlewares.httpauth.HttpAuthMiddleware',
 'scrapy.downloadermiddlewares.downloadtimeout.DownloadTimeoutMiddleware',
 'scrapy.downloadermiddlewares.defaultheaders.DefaultHeadersMiddleware',
 'scrapy.downloadermiddlewares.useragent.UserAgentMiddleware',
 'scrapy.downloadermiddlewares.retry.RetryMiddleware',
 'scrapy.downloadermiddlewares.redirect.MetaRefreshMiddleware',
 'scrapy.downloadermiddlewares.httpcompression.HttpCompressionMiddleware',
 'scrapy.downloadermiddlewares.redirect.RedirectMiddleware',
 'scrapy.downloadermiddlewares.cookies.CookiesMiddleware',
 'scrapy.downloadermiddlewares.httpproxy.HttpProxyMiddleware',
 'scrapy.downloadermiddlewares.stats.DownloaderStats']
2020-10-14 13:58:41 [scrapy.middleware] INFO: Enabled spider middlewares:
['scrapy.spidermiddlewares.httperror.HttpErrorMiddleware',
 'scrapy.spidermiddlewares.offsite.OffsiteMiddleware',
 'scrapy.spidermiddlewares.referer.RefererMiddleware',
 'scrapy.spidermiddlewares.urllength.UrlLengthMiddleware',
 'scrapy.spidermiddlewares.depth.DepthMiddleware']
2020-10-14 13:58:41 [scrapy.middleware] INFO: Enabled item pipelines:
[]
2020-10-14 13:58:41 [scrapy.core.engine] INFO: Spider opened
2020-10-14 13:58:41 [scrapy.extensions.logstats] INFO: Crawled 0 pages (at 0 pages/min), scraped 0 items (at 0 items/min)
2020-10-14 13:58:41 [scrapy.extensions.telnet] INFO: Telnet console listening on 127.0.0.1:6023
2020-10-14 13:58:41 [scrapy.core.engine] DEBUG: Crawled (200) <GET http://97.push2.eastmoney.com/api/qt/clist/get?cb=jQuery112406971740416068926_1601446076156&pn=5&pz=20&po=1&np=1&ut=bd1d9ddb04089700cf9c27f6f7426281&fltt=2&invt=2&fid=f3&fs=m:0+t:6,m:0+t:13,m:0+t:80,m:1+t:2,m:1+t:23&fields=f1,f2,f3,f4,f5,f6,f7,f8,f9,f10,f12,f13,f14,f15,f16,f17,f18,f20,f21,f23,f24,f25,f22,f11,f62,f128,f136,f115,f152&_=1601446076157> (referer: None)
2020-10-14 13:58:41 [scrapy.core.engine] DEBUG: Crawled (200) <GET http://97.push2.eastmoney.com/api/qt/clist/get?cb=jQuery112406971740416068926_1601446076156&pn=2&pz=20&po=1&np=1&ut=bd1d9ddb04089700cf9c27f6f7426281&fltt=2&invt=2&fid=f3&fs=m:0+t:6,m:0+t:13,m:0+t:80,m:1+t:2,m:1+t:23&fields=f1,f2,f3,f4,f5,f6,f7,f8,f9,f10,f12,f13,f14,f15,f16,f17,f18,f20,f21,f23,f24,f25,f22,f11,f62,f128,f136,f115,f152&_=1601446076157> (referer: None)
2020-10-14 13:58:41 [scrapy.core.engine] DEBUG: Crawled (200) <GET http://97.push2.eastmoney.com/api/qt/clist/get?cb=jQuery112406971740416068926_1601446076156&pn=3&pz=20&po=1&np=1&ut=bd1d9ddb04089700cf9c27f6f7426281&fltt=2&invt=2&fid=f3&fs=m:0+t:6,m:0+t:13,m:0+t:80,m:1+t:2,m:1+t:23&fields=f1,f2,f3,f4,f5,f6,f7,f8,f9,f10,f12,f13,f14,f15,f16,f17,f18,f20,f21,f23,f24,f25,f22,f11,f62,f128,f136,f115,f152&_=1601446076157> (referer: None)
2020-10-14 13:58:41 [scrapy.core.engine] DEBUG: Crawled (200) <GET http://97.push2.eastmoney.com/api/qt/clist/get?cb=jQuery112406971740416068926_1601446076156&pn=4&pz=20&po=1&np=1&ut=bd1d9ddb04089700cf9c27f6f7426281&fltt=2&invt=2&fid=f3&fs=m:0+t:6,m:0+t:13,m:0+t:80,m:1+t:2,m:1+t:23&fields=f1,f2,f3,f4,f5,f6,f7,f8,f9,f10,f12,f13,f14,f15,f16,f17,f18,f20,f21,f23,f24,f25,f22,f11,f62,f128,f136,f115,f152&_=1601446076157> (referer: None)
2020-10-14 13:58:41 [scrapy.core.engine] DEBUG: Crawled (200) <GET http://97.push2.eastmoney.com/api/qt/clist/get?cb=jQuery112406971740416068926_1601446076156&pn=1&pz=20&po=1&np=1&ut=bd1d9ddb04089700cf9c27f6f7426281&fltt=2&invt=2&fid=f3&fs=m:0+t:6,m:0+t:13,m:0+t:80,m:1+t:2,m:1+t:23&fields=f1,f2,f3,f4,f5,f6,f7,f8,f9,f10,f12,f13,f14,f15,f16,f17,f18,f20,f21,f23,f24,f25,f22,f11,f62,f128,f136,f115,f152&_=1601446076157> (referer: None)
2020-10-14 13:58:42 [urllib3.connectionpool] DEBUG: Starting new HTTP connection (1): 97.push2.eastmoney.com:80
2020-10-14 13:58:42 [urllib3.connectionpool] DEBUG: http://97.push2.eastmoney.com:80 "GET /api/qt/clist/get?cb=jQuery112406971740416068926_1601446076156&pn=5&pz=20&po=1&np=1&ut=bd1d9ddb04089700cf9c27f6f7426281&fltt=2&invt=2&fid=f3&fs=m:0+t:6,m:0+t:13,m:0+t:80,m:1+t:2,m:1+t:23&fields=f1,f2,f3,f4,f5,f6,f7,f8,f9,f10,f12,f13,f14,f15,f16,f17,f18,f20,f21,f23,f24,f25,f22,f11,f62,f128,f136,f115,f152&_=1601446076157 HTTP/1.1" 200 7631
2020-10-14 13:58:42 [urllib3.connectionpool] DEBUG: Starting new HTTP connection (1): 97.push2.eastmoney.com:80
2020-10-14 13:58:42 [urllib3.connectionpool] DEBUG: http://97.push2.eastmoney.com:80 "GET /api/qt/clist/get?cb=jQuery112406971740416068926_1601446076156&pn=2&pz=20&po=1&np=1&ut=bd1d9ddb04089700cf9c27f6f7426281&fltt=2&invt=2&fid=f3&fs=m:0+t:6,m:0+t:13,m:0+t:80,m:1+t:2,m:1+t:23&fields=f1,f2,f3,f4,f5,f6,f7,f8,f9,f10,f12,f13,f14,f15,f16,f17,f18,f20,f21,f23,f24,f25,f22,f11,f62,f128,f136,f115,f152&_=1601446076157 HTTP/1.1" 200 7581
2020-10-14 13:58:42 [urllib3.connectionpool] DEBUG: Starting new HTTP connection (1): 97.push2.eastmoney.com:80
2020-10-14 13:58:42 [urllib3.connectionpool] DEBUG: http://97.push2.eastmoney.com:80 "GET /api/qt/clist/get?cb=jQuery112406971740416068926_1601446076156&pn=3&pz=20&po=1&np=1&ut=bd1d9ddb04089700cf9c27f6f7426281&fltt=2&invt=2&fid=f3&fs=m:0+t:6,m:0+t:13,m:0+t:80,m:1+t:2,m:1+t:23&fields=f1,f2,f3,f4,f5,f6,f7,f8,f9,f10,f12,f13,f14,f15,f16,f17,f18,f20,f21,f23,f24,f25,f22,f11,f62,f128,f136,f115,f152&_=1601446076157 HTTP/1.1" 200 7636
2020-10-14 13:58:42 [urllib3.connectionpool] DEBUG: Starting new HTTP connection (1): 97.push2.eastmoney.com:80
2020-10-14 13:58:42 [urllib3.connectionpool] DEBUG: http://97.push2.eastmoney.com:80 "GET /api/qt/clist/get?cb=jQuery112406971740416068926_1601446076156&pn=4&pz=20&po=1&np=1&ut=bd1d9ddb04089700cf9c27f6f7426281&fltt=2&invt=2&fid=f3&fs=m:0+t:6,m:0+t:13,m:0+t:80,m:1+t:2,m:1+t:23&fields=f1,f2,f3,f4,f5,f6,f7,f8,f9,f10,f12,f13,f14,f15,f16,f17,f18,f20,f21,f23,f24,f25,f22,f11,f62,f128,f136,f115,f152&_=1601446076157 HTTP/1.1" 200 7689
2020-10-14 13:58:42 [urllib3.connectionpool] DEBUG: Starting new HTTP connection (1): 97.push2.eastmoney.com:80
2020-10-14 13:58:42 [urllib3.connectionpool] DEBUG: http://97.push2.eastmoney.com:80 "GET /api/qt/clist/get?cb=jQuery112406971740416068926_1601446076156&pn=1&pz=20&po=1&np=1&ut=bd1d9ddb04089700cf9c27f6f7426281&fltt=2&invt=2&fid=f3&fs=m:0+t:6,m:0+t:13,m:0+t:80,m:1+t:2,m:1+t:23&fields=f1,f2,f3,f4,f5,f6,f7,f8,f9,f10,f12,f13,f14,f15,f16,f17,f18,f20,f21,f23,f24,f25,f22,f11,f62,f128,f136,f115,f152&_=1601446076157 HTTP/1.1" 200 7714
2020-10-14 13:58:42 [scrapy.core.engine] INFO: Closing spider (finished)
2020-10-14 13:58:42 [scrapy.statscollectors] INFO: Dumping Scrapy stats:
{'downloader/request_bytes': 2705,
 'downloader/request_count': 5,
 'downloader/request_method_count/GET': 5,
 'downloader/response_bytes': 39146,
 'downloader/response_count': 5,
 'downloader/response_status_count/200': 5,
 'elapsed_time_seconds': 1.255267,
 'finish_reason': 'finished',
 'finish_time': datetime.datetime(2020, 10, 14, 5, 58, 42, 709397),
 'log_count/DEBUG': 15,
 'log_count/INFO': 10,
 'response_received_count': 5,
 'scheduler/dequeued': 5,
 'scheduler/dequeued/memory': 5,
 'scheduler/enqueued': 5,
 'scheduler/enqueued/memory': 5,
 'start_time': datetime.datetime(2020, 10, 14, 5, 58, 41, 454130)}
2020-10-14 13:58:42 [scrapy.core.engine] INFO: Spider closed (finished)
2020-10-29 17:39:56 [scrapy.utils.log] INFO: Scrapy 2.4.0 started (bot: stocks)
2020-10-29 17:39:56 [scrapy.utils.log] INFO: Versions: lxml 4.5.0.0, libxml2 2.9.9, cssselect 1.1.0, parsel 1.6.0, w3lib 1.22.0, Twisted 20.3.0, Python 3.7.6 (default, Jan  8 2020, 20:23:39) [MSC v.1916 64 bit (AMD64)], pyOpenSSL 19.1.0 (OpenSSL 1.1.1d  10 Sep 2019), cryptography 2.8, Platform Windows-10-10.0.19041-SP0
2020-10-29 17:39:56 [scrapy.utils.log] DEBUG: Using reactor: twisted.internet.selectreactor.SelectReactor
2020-10-29 17:39:56 [scrapy.crawler] INFO: Overridden settings:
{'BOT_NAME': 'stocks',
 'LOG_FILE': 'all.log',
 'NEWSPIDER_MODULE': 'stocks.spiders',
 'SPIDER_LOADER_WARN_ONLY': True,
 'SPIDER_MODULES': ['stocks.spiders']}
2020-10-29 17:39:56 [scrapy.extensions.telnet] INFO: Telnet Password: a7a67c89ea242035
2020-10-29 17:39:56 [scrapy.middleware] INFO: Enabled extensions:
['scrapy.extensions.corestats.CoreStats',
 'scrapy.extensions.telnet.TelnetConsole',
 'scrapy.extensions.logstats.LogStats']
2020-10-29 17:39:56 [scrapy.middleware] INFO: Enabled downloader middlewares:
['scrapy.downloadermiddlewares.httpauth.HttpAuthMiddleware',
 'scrapy.downloadermiddlewares.downloadtimeout.DownloadTimeoutMiddleware',
 'scrapy.downloadermiddlewares.defaultheaders.DefaultHeadersMiddleware',
 'scrapy.downloadermiddlewares.useragent.UserAgentMiddleware',
 'scrapy.downloadermiddlewares.retry.RetryMiddleware',
 'scrapy.downloadermiddlewares.redirect.MetaRefreshMiddleware',
 'scrapy.downloadermiddlewares.httpcompression.HttpCompressionMiddleware',
 'scrapy.downloadermiddlewares.redirect.RedirectMiddleware',
 'scrapy.downloadermiddlewares.cookies.CookiesMiddleware',
 'scrapy.downloadermiddlewares.httpproxy.HttpProxyMiddleware',
 'scrapy.downloadermiddlewares.stats.DownloaderStats']
2020-10-29 17:39:56 [scrapy.middleware] INFO: Enabled spider middlewares:
['scrapy.spidermiddlewares.httperror.HttpErrorMiddleware',
 'scrapy.spidermiddlewares.offsite.OffsiteMiddleware',
 'scrapy.spidermiddlewares.referer.RefererMiddleware',
 'scrapy.spidermiddlewares.urllength.UrlLengthMiddleware',
 'scrapy.spidermiddlewares.depth.DepthMiddleware']
2020-10-29 17:39:56 [scrapy.middleware] INFO: Enabled item pipelines:
[]
2020-10-29 17:39:56 [scrapy.core.engine] INFO: Spider opened
2020-10-29 17:39:56 [scrapy.extensions.logstats] INFO: Crawled 0 pages (at 0 pages/min), scraped 0 items (at 0 items/min)
2020-10-29 17:39:56 [scrapy.extensions.telnet] INFO: Telnet console listening on 127.0.0.1:6023
2020-10-29 17:39:56 [scrapy.core.engine] DEBUG: Crawled (200) <GET http://97.push2.eastmoney.com/api/qt/clist/get?cb=jQuery112406971740416068926_1601446076156&pn=1&pz=20&po=1&np=1&ut=bd1d9ddb04089700cf9c27f6f7426281&fltt=2&invt=2&fid=f3&fs=m:0+t:6,m:0+t:13,m:0+t:80,m:1+t:2,m:1+t:23&fields=f1,f2,f3,f4,f5,f6,f7,f8,f9,f10,f12,f13,f14,f15,f16,f17,f18,f20,f21,f23,f24,f25,f22,f11,f62,f128,f136,f115,f152&_=1601446076157> (referer: None)
2020-10-29 17:39:56 [scrapy.core.engine] DEBUG: Crawled (200) <GET http://97.push2.eastmoney.com/api/qt/clist/get?cb=jQuery112406971740416068926_1601446076156&pn=2&pz=20&po=1&np=1&ut=bd1d9ddb04089700cf9c27f6f7426281&fltt=2&invt=2&fid=f3&fs=m:0+t:6,m:0+t:13,m:0+t:80,m:1+t:2,m:1+t:23&fields=f1,f2,f3,f4,f5,f6,f7,f8,f9,f10,f12,f13,f14,f15,f16,f17,f18,f20,f21,f23,f24,f25,f22,f11,f62,f128,f136,f115,f152&_=1601446076157> (referer: None)
2020-10-29 17:39:56 [scrapy.core.engine] DEBUG: Crawled (200) <GET http://97.push2.eastmoney.com/api/qt/clist/get?cb=jQuery112406971740416068926_1601446076156&pn=4&pz=20&po=1&np=1&ut=bd1d9ddb04089700cf9c27f6f7426281&fltt=2&invt=2&fid=f3&fs=m:0+t:6,m:0+t:13,m:0+t:80,m:1+t:2,m:1+t:23&fields=f1,f2,f3,f4,f5,f6,f7,f8,f9,f10,f12,f13,f14,f15,f16,f17,f18,f20,f21,f23,f24,f25,f22,f11,f62,f128,f136,f115,f152&_=1601446076157> (referer: None)
2020-10-29 17:39:56 [scrapy.core.engine] DEBUG: Crawled (200) <GET http://97.push2.eastmoney.com/api/qt/clist/get?cb=jQuery112406971740416068926_1601446076156&pn=5&pz=20&po=1&np=1&ut=bd1d9ddb04089700cf9c27f6f7426281&fltt=2&invt=2&fid=f3&fs=m:0+t:6,m:0+t:13,m:0+t:80,m:1+t:2,m:1+t:23&fields=f1,f2,f3,f4,f5,f6,f7,f8,f9,f10,f12,f13,f14,f15,f16,f17,f18,f20,f21,f23,f24,f25,f22,f11,f62,f128,f136,f115,f152&_=1601446076157> (referer: None)
2020-10-29 17:39:56 [scrapy.core.engine] DEBUG: Crawled (200) <GET http://97.push2.eastmoney.com/api/qt/clist/get?cb=jQuery112406971740416068926_1601446076156&pn=3&pz=20&po=1&np=1&ut=bd1d9ddb04089700cf9c27f6f7426281&fltt=2&invt=2&fid=f3&fs=m:0+t:6,m:0+t:13,m:0+t:80,m:1+t:2,m:1+t:23&fields=f1,f2,f3,f4,f5,f6,f7,f8,f9,f10,f12,f13,f14,f15,f16,f17,f18,f20,f21,f23,f24,f25,f22,f11,f62,f128,f136,f115,f152&_=1601446076157> (referer: None)
2020-10-29 17:39:56 [urllib3.connectionpool] DEBUG: Starting new HTTP connection (1): 97.push2.eastmoney.com:80
2020-10-29 17:39:56 [urllib3.connectionpool] DEBUG: http://97.push2.eastmoney.com:80 "GET /api/qt/clist/get?cb=jQuery112406971740416068926_1601446076156&pn=1&pz=20&po=1&np=1&ut=bd1d9ddb04089700cf9c27f6f7426281&fltt=2&invt=2&fid=f3&fs=m:0+t:6,m:0+t:13,m:0+t:80,m:1+t:2,m:1+t:23&fields=f1,f2,f3,f4,f5,f6,f7,f8,f9,f10,f12,f13,f14,f15,f16,f17,f18,f20,f21,f23,f24,f25,f22,f11,f62,f128,f136,f115,f152&_=1601446076157 HTTP/1.1" 200 7727
2020-10-29 17:39:56 [urllib3.connectionpool] DEBUG: Starting new HTTP connection (1): 97.push2.eastmoney.com:80
2020-10-29 17:39:56 [urllib3.connectionpool] DEBUG: http://97.push2.eastmoney.com:80 "GET /api/qt/clist/get?cb=jQuery112406971740416068926_1601446076156&pn=2&pz=20&po=1&np=1&ut=bd1d9ddb04089700cf9c27f6f7426281&fltt=2&invt=2&fid=f3&fs=m:0+t:6,m:0+t:13,m:0+t:80,m:1+t:2,m:1+t:23&fields=f1,f2,f3,f4,f5,f6,f7,f8,f9,f10,f12,f13,f14,f15,f16,f17,f18,f20,f21,f23,f24,f25,f22,f11,f62,f128,f136,f115,f152&_=1601446076157 HTTP/1.1" 200 7617
2020-10-29 17:39:56 [urllib3.connectionpool] DEBUG: Starting new HTTP connection (1): 97.push2.eastmoney.com:80
2020-10-29 17:39:56 [urllib3.connectionpool] DEBUG: http://97.push2.eastmoney.com:80 "GET /api/qt/clist/get?cb=jQuery112406971740416068926_1601446076156&pn=4&pz=20&po=1&np=1&ut=bd1d9ddb04089700cf9c27f6f7426281&fltt=2&invt=2&fid=f3&fs=m:0+t:6,m:0+t:13,m:0+t:80,m:1+t:2,m:1+t:23&fields=f1,f2,f3,f4,f5,f6,f7,f8,f9,f10,f12,f13,f14,f15,f16,f17,f18,f20,f21,f23,f24,f25,f22,f11,f62,f128,f136,f115,f152&_=1601446076157 HTTP/1.1" 200 7647
2020-10-29 17:39:56 [urllib3.connectionpool] DEBUG: Starting new HTTP connection (1): 97.push2.eastmoney.com:80
2020-10-29 17:39:56 [urllib3.connectionpool] DEBUG: http://97.push2.eastmoney.com:80 "GET /api/qt/clist/get?cb=jQuery112406971740416068926_1601446076156&pn=5&pz=20&po=1&np=1&ut=bd1d9ddb04089700cf9c27f6f7426281&fltt=2&invt=2&fid=f3&fs=m:0+t:6,m:0+t:13,m:0+t:80,m:1+t:2,m:1+t:23&fields=f1,f2,f3,f4,f5,f6,f7,f8,f9,f10,f12,f13,f14,f15,f16,f17,f18,f20,f21,f23,f24,f25,f22,f11,f62,f128,f136,f115,f152&_=1601446076157 HTTP/1.1" 200 7597
2020-10-29 17:39:56 [urllib3.connectionpool] DEBUG: Starting new HTTP connection (1): 97.push2.eastmoney.com:80
2020-10-29 17:39:56 [urllib3.connectionpool] DEBUG: http://97.push2.eastmoney.com:80 "GET /api/qt/clist/get?cb=jQuery112406971740416068926_1601446076156&pn=3&pz=20&po=1&np=1&ut=bd1d9ddb04089700cf9c27f6f7426281&fltt=2&invt=2&fid=f3&fs=m:0+t:6,m:0+t:13,m:0+t:80,m:1+t:2,m:1+t:23&fields=f1,f2,f3,f4,f5,f6,f7,f8,f9,f10,f12,f13,f14,f15,f16,f17,f18,f20,f21,f23,f24,f25,f22,f11,f62,f128,f136,f115,f152&_=1601446076157 HTTP/1.1" 200 7662
2020-10-29 17:39:56 [scrapy.core.engine] INFO: Closing spider (finished)
2020-10-29 17:39:56 [scrapy.statscollectors] INFO: Dumping Scrapy stats:
{'downloader/request_bytes': 2705,
 'downloader/request_count': 5,
 'downloader/request_method_count/GET': 5,
 'downloader/response_bytes': 39395,
 'downloader/response_count': 5,
 'downloader/response_status_count/200': 5,
 'elapsed_time_seconds': 0.483743,
 'finish_reason': 'finished',
 'finish_time': datetime.datetime(2020, 10, 29, 9, 39, 56, 840751),
 'log_count/DEBUG': 15,
 'log_count/INFO': 10,
 'response_received_count': 5,
 'scheduler/dequeued': 5,
 'scheduler/dequeued/memory': 5,
 'scheduler/enqueued': 5,
 'scheduler/enqueued/memory': 5,
 'start_time': datetime.datetime(2020, 10, 29, 9, 39, 56, 357008)}
2020-10-29 17:39:56 [scrapy.core.engine] INFO: Spider closed (finished)
